<?xml version="1.0" encoding="UTF-8"?>
<testng-results ignored="0" total="3" passed="3" failed="0" skipped="0">
  <reporter-output>
  </reporter-output>
  <suite started-at="2024-02-29T10:18:45 IST" name="Suite" finished-at="2024-02-29T10:23:44 IST" duration-ms="298725">
    <groups>
      <group name="cucumber">
        <method signature="AbstractTestNGCucumberTests.runScenario(io.cucumber.testng.PickleWrapper,io.cucumber.testng.FeatureWrapper)[pri:0, instance:testRunner.TestRunner@2a7f1f10]" name="runScenario" class="io.cucumber.testng.AbstractTestNGCucumberTests"/>
      </group> <!-- cucumber -->
    </groups>
    <test started-at="2024-02-29T10:18:45 IST" name="Test" finished-at="2024-02-29T10:23:44 IST" duration-ms="298725">
      <class name="testRunner.TestRunner">
        <test-method is-config="true" signature="setUpClass(org.testng.ITestContext)[pri:0, instance:testRunner.TestRunner@2a7f1f10]" started-at="2024-02-29T10:18:45 IST" name="setUpClass" finished-at="2024-02-29T10:18:46 IST" duration-ms="730" status="PASS">
          <params>
            <param index="0">
              <value>
                <![CDATA[org.testng.TestRunner@16cb6f51]]>
              </value>
            </param>
          </params>
          <reporter-output>
          </reporter-output>
        </test-method> <!-- setUpClass -->
        <test-method signature="runScenario(io.cucumber.testng.PickleWrapper,io.cucumber.testng.FeatureWrapper)[pri:0, instance:testRunner.TestRunner@2a7f1f10]" started-at="2024-02-29T10:18:46 IST" name="runScenario" description="Runs Cucumber Scenarios" data-provider="scenarios" finished-at="2024-02-29T10:21:26 IST" duration-ms="159681" status="PASS">
          <params>
            <param index="0">
              <value>
                <![CDATA["User searches for doctors with specific criteria"]]>
              </value>
            </param>
            <param index="1">
              <value>
                <![CDATA["Finding Hospitals"]]>
              </value>
            </param>
          </params>
          <reporter-output>
          </reporter-output>
        </test-method> <!-- runScenario -->
        <test-method signature="runScenario(io.cucumber.testng.PickleWrapper,io.cucumber.testng.FeatureWrapper)[pri:0, instance:testRunner.TestRunner@2a7f1f10]" started-at="2024-02-29T10:21:26 IST" name="runScenario" description="Runs Cucumber Scenarios" data-provider="scenarios" finished-at="2024-02-29T10:22:01 IST" duration-ms="35017" status="PASS">
          <params>
            <param index="0">
              <value>
                <![CDATA["User retrieves a list of surgeries"]]>
              </value>
            </param>
            <param index="1">
              <value>
                <![CDATA["Finding Hospitals"]]>
              </value>
            </param>
          </params>
          <reporter-output>
          </reporter-output>
        </test-method> <!-- runScenario -->
        <test-method signature="runScenario(io.cucumber.testng.PickleWrapper,io.cucumber.testng.FeatureWrapper)[pri:0, instance:testRunner.TestRunner@2a7f1f10]" started-at="2024-02-29T10:22:01 IST" name="runScenario" description="Runs Cucumber Scenarios" data-provider="scenarios" finished-at="2024-02-29T10:23:41 IST" duration-ms="99893" status="PASS">
          <params>
            <param index="0">
              <value>
                <![CDATA["Schedule a demo in health and wellness plans for corporates"]]>
              </value>
            </param>
            <param index="1">
              <value>
                <![CDATA["Finding Hospitals"]]>
              </value>
            </param>
          </params>
          <reporter-output>
          </reporter-output>
        </test-method> <!-- runScenario -->
        <test-method is-config="true" signature="tearDownClass()[pri:0, instance:testRunner.TestRunner@2a7f1f10]" started-at="2024-02-29T10:23:41 IST" name="tearDownClass" finished-at="2024-02-29T10:23:44 IST" duration-ms="3374" status="PASS">
          <reporter-output>
          </reporter-output>
        </test-method> <!-- tearDownClass -->
      </class> <!-- testRunner.TestRunner -->
    </test> <!-- Test -->
  </suite> <!-- Suite -->
</testng-results>
